2026-01-20 15:37:40 | 
2026-01-20 15:37:40 | FAILURE: Build failed with an exception.
2026-01-20 15:37:40 | 
2026-01-20 15:37:40 | * What went wrong:
2026-01-20 15:37:40 | Execution failed for task ':nodeSetup'.
2026-01-20 15:37:40 | > java.io.IOException: Unable to delete directory '/Users/leluke/Documents/Singalarity/GUIMF/auditreport/.gradle/nodejs'
2026-01-20 15:37:40 |     Failed to delete some children. This might happen because a process has files open or has its working directory set in the target directory.
2026-01-20 15:37:40 |     - /Users/leluke/Documents/Singalarity/GUIMF/auditreport/.gradle/nodejs/node-v18.18.2-darwin-x64/LICENSE
2026-01-20 15:37:40 |     - /Users/leluke/Documents/Singalarity/GUIMF/auditreport/.gradle/nodejs/node-v18.18.2-darwin-x64/bin/node
2026-01-20 15:37:40 |     - /Users/leluke/Documents/Singalarity/GUIMF/auditreport/.grad2026-01-20 15:37:40 | 
2026-01-20 15:37:40 | Deprecated Gradle features were used in this build, making it incompatible with Gradle 9.0.
2026-01-20 15:37:40 | 
2026-01-20 15:37:40 | You can use '--warning-mode all' to show the individual deprecation warnings and determine if they come from your own scripts or plugins.
2026-01-20 15:37:40 | 
2026-01-20 15:37:40 | For more on this, please refer to https://docs.gradle.org/8.4/userguide/command_line_interface.html#sec:command_line_warnings in the Gradle documentation.
2026-01-20 15:37:40 | 2 actionable tasks: 1 executed, 1 up-to-date
0 |     - /Users/leluke/Documents/Singalarity/GUIMF/auditreport/.gradle/nodejs/node-v18.18.2-darwin-x64/include/node/v8-function.h
2026-01-20 15:37:40 |     - /Users/leluke/Documents/Singalarity/GUIMF/auditreport/.gradle/nodejs/node-v18.18.2-darwin-x64/include/node/v8-array-buffer.h
2026-01-20 15:37:40 |     - /Users/leluke/Documents/Singalarity/GUIMF/auditreport/.gradle/nodejs/node-v18.18.2-darwin-x64/include/node/v8-platform.h
2026-01-20 15:37:40 |     - /Users/leluke/Documents/Singalarity/GUIMF/auditreport/.gradle/nodejs/node-v18.18.2-darwin-x64/include/node/v8-persistent-handle.h
2026-01-20 15:37:40 |     - /Users/leluke/Documents/Singalarity/GUIMF/auditreport/.gradle/nodejs/node-v18.18.2-darwin-x64/include/node/v8-snapshot.h
2026-01-20 15:37:40 |     - /Users/leluke/Documents/Singalarity/GUIMF/auditreport/.gradle/nodejs/node-v18.18.2-darwin-x64/include/node/v8-version.h
2026-01-20 15:37:40 |     - /Users/leluke/Documents/Singalarity/GUIMF/auditreport/.gradle/nodejs/node-v18.18.2-darwin-x64/include/node/v8-microtask.h
2026-01-20 15:37:40 |     - /Users/leluke/Documents/Singalarity/GUIMF/auditreport/.gradle/nodejs/node-v18.18.2-darwin-x64/include/node/node_api_types.h
2026-01-20 15:37:40 |     - /Users/leluke/Documents/Singalarity/GUIMF/auditreport/.gradle/nodejs/node-v18.18.2-darwin-x64/include/node/node_version.h
2026-01-20 15:37:40 |     - and more ...
2026-01-20 15:37:40 | 
2026-01-20 15:37:40 | * Try:
2026-01-20 15:37:40 | > Run with --stacktrace option to get the stack trace.
2026-01-20 15:37:40 | > Run with --info or --debug option to get more log output.
2026-01-20 15:37:40 | > Run with --scan to get full insights.
2026-01-20 15:37:40 | > Get more help at https://help.gradle.org.
2026-01-20 15:37:40 | 
2026-01-20 15:37:40 | BUILD FAILED in 24s
